2025-04-24 15:59:12,459 - INFO - Checking if today (2025-04-24) is a workday.
2025-04-24 15:59:12,461 - INFO - Hari ini adalah hari kerja. Pesan akan dikirim.
2025-04-24 15:59:24,500 - INFO - Checking if today (2025-04-24) is a workday.
2025-04-24 15:59:24,501 - INFO - Hari ini adalah hari kerja. Pesan akan dikirim.
2025-04-24 15:59:53,200 - INFO - Pesan berhasil dikirim ke Yuda Agus Irianto (+6281253949680)!
2025-04-24 16:00:00,259 - INFO - Pesan berhasil dikirim ke Warsidi (+6281253216991)!
2025-04-24 16:00:07,331 - INFO - Pesan berhasil dikirim ke Muhamadsyah (+6285294404060)!
2025-04-24 16:00:14,399 - INFO - Pesan berhasil dikirim ke Dwi Prasetyono (+6282331466449)!
2025-04-24 16:00:21,449 - INFO - Pesan berhasil dikirim ke Tiara Kusuma Widianingrum (+6281351887561)!
2025-04-24 16:00:28,533 - INFO - Pesan berhasil dikirim ke Idhamsyah (+6281347516619)!
2025-04-24 16:00:35,617 - INFO - Pesan berhasil dikirim ke Mohammad Agusti Rahman (+6282171808270)!
2025-04-24 16:00:42,711 - INFO - Pesan berhasil dikirim ke Rosetina Fini Alsera (+6281296036385)!
2025-04-24 16:00:49,786 - INFO - Pesan berhasil dikirim ke Shafa (+6287863150050)!
2025-04-24 16:00:56,843 - INFO - Pesan berhasil dikirim ke Ari Susilowati (+6281250605890)!
2025-04-24 16:01:03,921 - INFO - Pesan berhasil dikirim ke Rifki Maulana (+6285229767078)!
2025-04-24 16:01:11,002 - INFO - Pesan berhasil dikirim ke Sega Purwa Wika (+6282149633011)!
2025-04-24 16:01:18,066 - INFO - Pesan berhasil dikirim ke Alphin Pratama Husada (+6282261828467)!
2025-04-24 16:01:25,141 - INFO - Pesan berhasil dikirim ke Bambang Luhat (+6282358880344)!
2025-04-24 16:01:32,229 - INFO - Pesan berhasil dikirim ke Fachri Izzudin Lazuardi (+6285155228104)!
2025-04-24 16:01:39,309 - INFO - Pesan berhasil dikirim ke Afnita Rahma Auliya Putri (+6285882292588)!
2025-04-24 16:01:46,382 - INFO - Pesan berhasil dikirim ke Febri Fatika Sari (+6285726025343)!
2025-04-24 16:01:53,449 - INFO - Pesan berhasil dikirim ke Marini Safa Aziza (+6281519961747)!
2025-04-24 16:02:00,543 - INFO - Pesan berhasil dikirim ke Najwa Fairus Samaya (+62895415969010)!
2025-04-24 16:02:07,628 - INFO - Pesan berhasil dikirim ke Fiqah Rochmah Ningtyas Duana Putri (+6287764807421)!
2025-04-24 16:02:14,715 - INFO - Pesan berhasil dikirim ke Lia Aulia Hayati (+6281256530709)!
2025-04-24 16:02:21,797 - INFO - Pesan berhasil dikirim ke Mardiana (+6282354058587)!
2025-04-24 16:02:28,877 - INFO - Pesan berhasil dikirim ke Chairunnisa Fauzia Samu (+6282188220763)!
2025-04-24 16:02:35,976 - INFO - Pesan berhasil dikirim ke Novanni Indi Pradana (+6283836260392)!
2025-04-24 16:02:37,477 - INFO - Menutup tab WhatsApp Web...
2025-04-25 16:23:01,796 - INFO - Checking if today (2025-04-25) is a workday.
2025-04-25 16:23:01,796 - INFO - Hari ini adalah hari kerja. Pesan akan dikirim.
2025-04-25 16:28:26,317 - INFO - Pesan berhasil dikirim ke Yuda Agus Irianto (+6281253949680)!
2025-04-25 16:28:33,360 - INFO - Pesan berhasil dikirim ke Warsidi (+6281253216991)!
2025-04-25 16:28:40,405 - INFO - Pesan berhasil dikirim ke Muhamadsyah (+6285294404060)!
2025-04-25 16:28:47,447 - INFO - Pesan berhasil dikirim ke Dwi Prasetyono (+6282331466449)!
2025-04-25 16:28:54,491 - INFO - Pesan berhasil dikirim ke Tiara Kusuma Widianingrum (+6281351887561)!
2025-04-25 16:29:01,539 - INFO - Pesan berhasil dikirim ke Idhamsyah (+6281347516619)!
2025-04-25 16:29:08,588 - INFO - Pesan berhasil dikirim ke Mohammad Agusti Rahman (+6282171808270)!
2025-04-25 16:29:15,637 - INFO - Pesan berhasil dikirim ke Rosetina Fini Alsera (+6281296036385)!
2025-04-25 16:29:22,683 - INFO - Pesan berhasil dikirim ke Shafa (+6287863150050)!
2025-04-25 16:29:29,730 - INFO - Pesan berhasil dikirim ke Ari Susilowati (+6281250605890)!
2025-04-25 16:29:36,778 - INFO - Pesan berhasil dikirim ke Rifki Maulana (+6285229767078)!
2025-04-25 16:29:43,824 - INFO - Pesan berhasil dikirim ke Sega Purwa Wika (+6282149633011)!
2025-04-25 16:29:50,876 - INFO - Pesan berhasil dikirim ke Alphin Pratama Husada (+6282261828467)!
2025-04-25 16:29:57,924 - INFO - Pesan berhasil dikirim ke Bambang Luhat (+6282358880344)!
2025-04-25 16:30:04,969 - INFO - Pesan berhasil dikirim ke Fachri Izzudin Lazuardi (+6285155228104)!
2025-04-25 16:30:12,015 - INFO - Pesan berhasil dikirim ke Afnita Rahma Auliya Putri (+6285882292588)!
2025-04-25 16:30:19,068 - INFO - Pesan berhasil dikirim ke Febri Fatika Sari (+6285726025343)!
2025-04-25 16:30:26,107 - INFO - Pesan berhasil dikirim ke Marini Safa Aziza (+6281519961747)!
2025-04-25 16:30:33,157 - INFO - Pesan berhasil dikirim ke Najwa Fairus Samaya (+62895415969010)!
2025-04-25 16:30:40,200 - INFO - Pesan berhasil dikirim ke Fiqah Rochmah Ningtyas Duana Putri (+6287764807421)!
2025-04-25 16:30:47,247 - INFO - Pesan berhasil dikirim ke Lia Aulia Hayati (+6281256530709)!
2025-04-25 16:30:54,300 - INFO - Pesan berhasil dikirim ke Mardiana (+6282354058587)!
2025-04-25 16:31:01,349 - INFO - Pesan berhasil dikirim ke Chairunnisa Fauzia Samu (+6282188220763)!
2025-04-25 16:31:08,398 - INFO - Pesan berhasil dikirim ke Novanni Indi Pradana (+6283836260392)!
2025-04-25 16:31:09,899 - INFO - Menutup tab WhatsApp Web...
2025-04-28 15:54:59,826 - INFO - Checking if today (2025-04-28) is a workday.
2025-04-28 15:54:59,827 - INFO - Hari ini adalah hari kerja. Pesan akan dikirim.
2025-04-28 15:58:55,852 - INFO - Pesan berhasil dikirim ke Yuda Agus Irianto (+6281253949680)!
2025-04-28 15:59:02,892 - INFO - Pesan berhasil dikirim ke Warsidi (+6281253216991)!
2025-04-28 15:59:09,935 - INFO - Pesan berhasil dikirim ke Muhamadsyah (+6285294404060)!
2025-04-28 15:59:16,974 - INFO - Pesan berhasil dikirim ke Dwi Prasetyono (+6282331466449)!
2025-04-28 15:59:24,020 - INFO - Pesan berhasil dikirim ke Tiara Kusuma Widianingrum (+6281351887561)!
2025-04-28 15:59:31,061 - INFO - Pesan berhasil dikirim ke Idhamsyah (+6281347516619)!
2025-04-28 15:59:38,100 - INFO - Pesan berhasil dikirim ke Mohammad Agusti Rahman (+6282171808270)!
2025-04-28 15:59:45,139 - INFO - Pesan berhasil dikirim ke Rosetina Fini Alsera (+6281296036385)!
2025-04-28 15:59:52,179 - INFO - Pesan berhasil dikirim ke Shafa (+6287863150050)!
2025-04-28 15:59:59,222 - INFO - Pesan berhasil dikirim ke Ari Susilowati (+6281250605890)!
2025-04-28 16:00:06,260 - INFO - Pesan berhasil dikirim ke Rifki Maulana (+6285229767078)!
2025-04-28 16:00:13,301 - INFO - Pesan berhasil dikirim ke Sega Purwa Wika (+6282149633011)!
2025-04-28 16:00:20,341 - INFO - Pesan berhasil dikirim ke Alphin Pratama Husada (+6282261828467)!
2025-04-28 16:00:27,383 - INFO - Pesan berhasil dikirim ke Bambang Luhat (+6282358880344)!
2025-04-28 16:00:34,421 - INFO - Pesan berhasil dikirim ke Fachri Izzudin Lazuardi (+6285155228104)!
2025-04-28 16:00:41,461 - INFO - Pesan berhasil dikirim ke Afnita Rahma Auliya Putri (+6285882292588)!
2025-04-28 16:00:48,505 - INFO - Pesan berhasil dikirim ke Febri Fatika Sari (+6285726025343)!
2025-04-28 16:00:55,546 - INFO - Pesan berhasil dikirim ke Marini Safa Aziza (+6281519961747)!
2025-04-28 16:01:02,588 - INFO - Pesan berhasil dikirim ke Najwa Fairus Samaya (+62895415969010)!
2025-04-28 16:01:09,629 - INFO - Pesan berhasil dikirim ke Fiqah Rochmah Ningtyas Duana Putri (+6287764807421)!
2025-04-28 16:01:16,672 - INFO - Pesan berhasil dikirim ke Lia Aulia Hayati (+6281256530709)!
2025-04-28 16:01:23,714 - INFO - Pesan berhasil dikirim ke Mardiana (+6282354058587)!
2025-04-28 16:01:30,756 - INFO - Pesan berhasil dikirim ke Chairunnisa Fauzia Samu (+6282188220763)!
2025-04-28 16:01:37,795 - INFO - Pesan berhasil dikirim ke Novanni Indi Pradana (+6283836260392)!
2025-04-28 16:01:39,296 - INFO - Menutup tab WhatsApp Web...
2025-04-29 15:41:00,990 - INFO - Checking if today (2025-04-29) is a workday.
2025-04-29 15:41:00,990 - INFO - Hari ini adalah hari kerja. Pesan akan dikirim.
2025-04-29 15:42:34,598 - INFO - Checking if today (2025-04-29) is a workday.
2025-04-29 15:42:34,599 - INFO - Hari ini adalah hari kerja. Pesan akan dikirim.
2025-04-29 15:59:08,404 - INFO - Pesan berhasil dikirim ke Yuda Agus Irianto (+6281253949680)!
2025-04-29 15:59:15,436 - INFO - Pesan berhasil dikirim ke Warsidi (+6281253216991)!
2025-04-29 15:59:22,469 - INFO - Pesan berhasil dikirim ke Muhamadsyah (+6285294404060)!
2025-04-29 15:59:29,506 - INFO - Pesan berhasil dikirim ke Dwi Prasetyono (+6282331466449)!
2025-04-29 15:59:36,545 - INFO - Pesan berhasil dikirim ke Tiara Kusuma Widianingrum (+6281351887561)!
2025-04-29 15:59:43,582 - INFO - Pesan berhasil dikirim ke Idhamsyah (+6281347516619)!
2025-04-29 15:59:50,621 - INFO - Pesan berhasil dikirim ke Mohammad Agusti Rahman (+6282171808270)!
2025-04-29 15:59:57,661 - INFO - Pesan berhasil dikirim ke Okta Wahyu Nugraha (+6282251088276)!
2025-04-29 16:00:04,702 - INFO - Pesan berhasil dikirim ke Rosetina Fini Alsera (+6281296036385)!
2025-04-29 16:00:11,737 - INFO - Pesan berhasil dikirim ke Shafa (+6287863150050)!
2025-04-29 16:00:18,771 - INFO - Pesan berhasil dikirim ke Ari Susilowati (+6281250605890)!
2025-04-29 16:00:25,813 - INFO - Pesan berhasil dikirim ke Rifki Maulana (+6285229767078)!
2025-04-29 16:00:32,852 - INFO - Pesan berhasil dikirim ke Sega Purwa Wika (+6282149633011)!
2025-04-29 16:00:39,893 - INFO - Pesan berhasil dikirim ke Alphin Pratama Husada (+6282261828467)!
2025-04-29 16:00:46,922 - INFO - Pesan berhasil dikirim ke Bambang Luhat (+6282358880344)!
2025-04-29 16:00:53,955 - INFO - Pesan berhasil dikirim ke Fachri Izzudin Lazuardi (+6285155228104)!
2025-04-29 16:01:00,996 - INFO - Pesan berhasil dikirim ke Andi Nurdiansyah (+6287834620297)!
2025-04-29 16:01:08,033 - INFO - Pesan berhasil dikirim ke Afnita Rahma Auliya Putri (+6285882292588)!
2025-04-29 16:01:15,070 - INFO - Pesan berhasil dikirim ke Anissa Nurullya Fernanda (+6282140772590)!
2025-04-29 16:01:22,111 - INFO - Pesan berhasil dikirim ke Febri Fatika Sari (+6285726025343)!
2025-04-29 16:01:29,148 - INFO - Pesan berhasil dikirim ke Marini Safa Aziza (+6281519961747)!
2025-04-29 16:01:36,185 - INFO - Pesan berhasil dikirim ke Najwa Fairus Samaya (+62895415969010)!
2025-04-29 16:01:43,225 - INFO - Pesan berhasil dikirim ke Fiqah Rochmah Ningtyas Duana Putri (+6287764807421)!
2025-04-29 16:01:50,260 - INFO - Pesan berhasil dikirim ke Lia Aulia Hayati (+6281256530709)!
2025-04-29 16:01:57,293 - INFO - Pesan berhasil dikirim ke Mardiana (+6282354058587)!
2025-04-29 16:02:04,332 - INFO - Pesan berhasil dikirim ke Chairunnisa Fauzia Samu (+6282188220763)!
2025-04-29 16:02:11,371 - INFO - Pesan berhasil dikirim ke Novanni Indi Pradana (+6283836260392)!
2025-04-29 16:02:12,871 - INFO - Menutup tab WhatsApp Web...
2025-04-30 15:55:46,877 - INFO - Checking if today (2025-04-30) is a workday.
2025-04-30 15:55:46,877 - INFO - Hari ini adalah hari kerja. Pesan akan dikirim.
2025-04-30 15:58:55,078 - INFO - Pesan berhasil dikirim ke Yuda Agus Irianto (+6281253949680)!
2025-04-30 15:59:02,127 - INFO - Pesan berhasil dikirim ke Warsidi (+6281253216991)!
2025-04-30 15:59:09,175 - INFO - Pesan berhasil dikirim ke Muhamadsyah (+6285294404060)!
2025-04-30 15:59:16,227 - INFO - Pesan berhasil dikirim ke Dwi Prasetyono (+6282331466449)!
2025-04-30 15:59:23,276 - INFO - Pesan berhasil dikirim ke Tiara Kusuma Widianingrum (+6281351887561)!
2025-04-30 15:59:30,328 - INFO - Pesan berhasil dikirim ke Idhamsyah (+6281347516619)!
2025-04-30 15:59:37,375 - INFO - Pesan berhasil dikirim ke Mohammad Agusti Rahman (+6282171808270)!
2025-04-30 15:59:44,429 - INFO - Pesan berhasil dikirim ke Okta Wahyu Nugraha (+6282251088276)!
2025-04-30 15:59:51,491 - INFO - Pesan berhasil dikirim ke Rosetina Fini Alsera (+6281296036385)!
2025-04-30 15:59:58,540 - INFO - Pesan berhasil dikirim ke Shafa (+6287863150050)!
2025-04-30 16:00:05,592 - INFO - Pesan berhasil dikirim ke Ari Susilowati (+6281250605890)!
2025-04-30 16:00:12,642 - INFO - Pesan berhasil dikirim ke Rifki Maulana (+6285229767078)!
2025-04-30 16:00:19,697 - INFO - Pesan berhasil dikirim ke Sega Purwa Wika (+6282149633011)!
2025-04-30 16:00:26,750 - INFO - Pesan berhasil dikirim ke Alphin Pratama Husada (+6282261828467)!
2025-04-30 16:00:33,806 - INFO - Pesan berhasil dikirim ke Bambang Luhat (+6282358880344)!
2025-04-30 16:00:40,861 - INFO - Pesan berhasil dikirim ke Fachri Izzudin Lazuardi (+6285155228104)!
2025-04-30 16:00:47,906 - INFO - Pesan berhasil dikirim ke Andi Nurdiansyah (+6287834620297)!
2025-04-30 16:00:54,960 - INFO - Pesan berhasil dikirim ke Afnita Rahma Auliya Putri (+6285882292588)!
2025-04-30 16:01:02,005 - INFO - Pesan berhasil dikirim ke Anissa Nurullya Fernanda (+6282140772590)!
2025-04-30 16:01:09,062 - INFO - Pesan berhasil dikirim ke Febri Fatika Sari (+6285726025343)!
2025-04-30 16:01:16,114 - INFO - Pesan berhasil dikirim ke Marini Safa Aziza (+6281519961747)!
2025-04-30 16:01:23,169 - INFO - Pesan berhasil dikirim ke Najwa Fairus Samaya (+62895415969010)!
2025-04-30 16:01:30,219 - INFO - Pesan berhasil dikirim ke Fiqah Rochmah Ningtyas Duana Putri (+6287764807421)!
2025-04-30 16:01:37,273 - INFO - Pesan berhasil dikirim ke Lia Aulia Hayati (+6281256530709)!
2025-04-30 16:01:44,329 - INFO - Pesan berhasil dikirim ke Mardiana (+6282354058587)!
2025-04-30 16:01:51,377 - INFO - Pesan berhasil dikirim ke Chairunnisa Fauzia Samu (+6282188220763)!
2025-04-30 16:01:58,428 - INFO - Pesan berhasil dikirim ke Novanni Indi Pradana (+6283836260392)!
2025-04-30 16:01:59,928 - INFO - Menutup tab WhatsApp Web...
2025-05-02 16:24:16,007 - INFO - Checking if today (2025-05-02) is a workday.
2025-05-02 16:24:16,007 - INFO - Hari ini adalah hari kerja. Pesan akan dikirim.
2025-05-02 16:28:56,697 - INFO - Pesan berhasil dikirim ke Yuda Agus Irianto (+6281253949680)!
2025-05-02 16:29:03,746 - INFO - Pesan berhasil dikirim ke Warsidi (+6281253216991)!
2025-05-02 16:29:10,793 - INFO - Pesan berhasil dikirim ke Muhamadsyah (+6285294404060)!
2025-05-02 16:29:17,843 - INFO - Pesan berhasil dikirim ke Dwi Prasetyono (+6282331466449)!
2025-05-02 16:29:24,897 - INFO - Pesan berhasil dikirim ke Tiara Kusuma Widianingrum (+6281351887561)!
2025-05-02 16:29:31,946 - INFO - Pesan berhasil dikirim ke Idhamsyah (+6281347516619)!
2025-05-02 16:29:38,994 - INFO - Pesan berhasil dikirim ke Mohammad Agusti Rahman (+6282171808270)!
2025-05-02 16:29:46,046 - INFO - Pesan berhasil dikirim ke Okta Wahyu Nugraha (+6282251088276)!
2025-05-02 16:29:53,094 - INFO - Pesan berhasil dikirim ke Rosetina Fini Alsera (+6281296036385)!
2025-05-02 16:30:00,142 - INFO - Pesan berhasil dikirim ke Shafa (+6287863150050)!
2025-05-02 16:30:07,195 - INFO - Pesan berhasil dikirim ke Ari Susilowati (+6281250605890)!
2025-05-02 16:30:14,237 - INFO - Pesan berhasil dikirim ke Rifki Maulana (+6285229767078)!
2025-05-02 16:30:21,288 - INFO - Pesan berhasil dikirim ke Sega Purwa Wika (+6282149633011)!
2025-05-02 16:30:28,339 - INFO - Pesan berhasil dikirim ke Alphin Pratama Husada (+6282261828467)!
2025-05-02 16:30:35,386 - INFO - Pesan berhasil dikirim ke Bambang Luhat (+6282358880344)!
2025-05-02 16:30:42,434 - INFO - Pesan berhasil dikirim ke Fachri Izzudin Lazuardi (+6285155228104)!
2025-05-02 16:30:49,485 - INFO - Pesan berhasil dikirim ke Andi Nurdiansyah (+6287834620297)!
2025-05-02 16:30:56,537 - INFO - Pesan berhasil dikirim ke Afnita Rahma Auliya Putri (+6285882292588)!
2025-05-02 16:31:03,584 - INFO - Pesan berhasil dikirim ke Anissa Nurullya Fernanda (+6282140772590)!
2025-05-02 16:31:10,635 - INFO - Pesan berhasil dikirim ke Febri Fatika Sari (+6285726025343)!
2025-05-02 16:31:17,680 - INFO - Pesan berhasil dikirim ke Marini Safa Aziza (+6281519961747)!
2025-05-02 16:31:24,731 - INFO - Pesan berhasil dikirim ke Najwa Fairus Samaya (+62895415969010)!
2025-05-02 16:31:31,779 - INFO - Pesan berhasil dikirim ke Fiqah Rochmah Ningtyas Duana Putri (+6287764807421)!
2025-05-02 16:31:38,845 - INFO - Pesan berhasil dikirim ke Lia Aulia Hayati (+6281256530709)!
2025-05-02 16:31:45,890 - INFO - Pesan berhasil dikirim ke Mardiana (+6282354058587)!
2025-05-02 16:31:52,940 - INFO - Pesan berhasil dikirim ke Chairunnisa Fauzia Samu (+6282188220763)!
2025-05-02 16:31:59,988 - INFO - Pesan berhasil dikirim ke Novanni Indi Pradana (+6283836260392)!
2025-05-02 16:32:01,488 - INFO - Menutup tab WhatsApp Web...
2025-05-05 15:24:40,452 - INFO - Checking if today (2025-05-05) is a workday.
2025-05-05 15:24:40,453 - INFO - Hari ini adalah hari kerja. Pesan akan dikirim.
2025-05-05 15:59:14,452 - INFO - Pesan berhasil dikirim ke Yuda Agus Irianto (+6281253949680)!
2025-05-05 15:59:21,519 - INFO - Pesan berhasil dikirim ke Warsidi (+6281253216991)!
2025-05-05 15:59:28,570 - INFO - Pesan berhasil dikirim ke Muhamadsyah (+6285294404060)!
2025-05-05 15:59:35,609 - INFO - Pesan berhasil dikirim ke Dwi Prasetyono (+6282331466449)!
2025-05-05 15:59:42,666 - INFO - Pesan berhasil dikirim ke Tiara Kusuma Widianingrum (+6281351887561)!
2025-05-05 15:59:49,739 - INFO - Pesan berhasil dikirim ke Idhamsyah (+6281347516619)!
2025-05-05 15:59:56,829 - INFO - Pesan berhasil dikirim ke Mohammad Agusti Rahman (+6282171808270)!
2025-05-05 16:00:03,898 - INFO - Pesan berhasil dikirim ke Okta Wahyu Nugraha (+6282251088276)!
2025-05-05 16:00:10,975 - INFO - Pesan berhasil dikirim ke Rosetina Fini Alsera (+6281296036385)!
2025-05-05 16:00:18,045 - INFO - Pesan berhasil dikirim ke Shafa (+6287863150050)!
2025-05-05 16:00:25,109 - INFO - Pesan berhasil dikirim ke Ari Susilowati (+6281250605890)!
2025-05-05 16:00:32,178 - INFO - Pesan berhasil dikirim ke Rifki Maulana (+6285229767078)!
2025-05-05 16:00:39,254 - INFO - Pesan berhasil dikirim ke Sega Purwa Wika (+6282149633011)!
2025-05-05 16:00:46,335 - INFO - Pesan berhasil dikirim ke Alphin Pratama Husada (+6282261828467)!
2025-05-05 16:00:53,394 - INFO - Pesan berhasil dikirim ke Bambang Luhat (+6282358880344)!
2025-05-05 16:01:00,472 - INFO - Pesan berhasil dikirim ke Fachri Izzudin Lazuardi (+6285155228104)!
2025-05-05 16:01:07,553 - INFO - Pesan berhasil dikirim ke Andi Nurdiansyah (+6287834620297)!
2025-05-05 16:01:14,612 - INFO - Pesan berhasil dikirim ke Afnita Rahma Auliya Putri (+6285882292588)!
2025-05-05 16:01:21,683 - INFO - Pesan berhasil dikirim ke Anissa Nurullya Fernanda (+6282140772590)!
2025-05-05 16:01:28,767 - INFO - Pesan berhasil dikirim ke Febri Fatika Sari (+6285726025343)!
2025-05-05 16:01:35,825 - INFO - Pesan berhasil dikirim ke Marini Safa Aziza (+6281519961747)!
2025-05-05 16:01:42,898 - INFO - Pesan berhasil dikirim ke Najwa Fairus Samaya (+62895415969010)!
2025-05-05 16:01:49,985 - INFO - Pesan berhasil dikirim ke Fiqah Rochmah Ningtyas Duana Putri (+6287764807421)!
2025-05-05 16:01:57,053 - INFO - Pesan berhasil dikirim ke Lia Aulia Hayati (+6281256530709)!
2025-05-05 16:02:04,124 - INFO - Pesan berhasil dikirim ke Mardiana (+6282354058587)!
2025-05-05 16:02:11,213 - INFO - Pesan berhasil dikirim ke Chairunnisa Fauzia Samu (+6282188220763)!
2025-05-05 16:02:18,287 - INFO - Pesan berhasil dikirim ke Novanni Indi Pradana (+6283836260392)!
2025-05-05 16:02:19,788 - INFO - Menutup tab WhatsApp Web...
2025-05-06 15:54:33,021 - INFO - Checking if today (2025-05-06) is a workday.
2025-05-06 15:54:33,021 - INFO - Hari ini adalah hari kerja. Pesan akan dikirim.
2025-05-06 15:58:55,185 - INFO - Pesan berhasil dikirim ke Yuda Agus Irianto (+6281253949680)!
2025-05-06 15:59:02,229 - INFO - Pesan berhasil dikirim ke Warsidi (+6281253216991)!
2025-05-06 15:59:09,276 - INFO - Pesan berhasil dikirim ke Muhamadsyah (+6285294404060)!
2025-05-06 15:59:16,323 - INFO - Pesan berhasil dikirim ke Dwi Prasetyono (+6282331466449)!
2025-05-06 15:59:23,368 - INFO - Pesan berhasil dikirim ke Tiara Kusuma Widianingrum (+6281351887561)!
2025-05-06 15:59:30,422 - INFO - Pesan berhasil dikirim ke Idhamsyah (+6281347516619)!
2025-05-06 15:59:37,473 - INFO - Pesan berhasil dikirim ke Mohammad Agusti Rahman (+6282171808270)!
2025-05-06 15:59:44,521 - INFO - Pesan berhasil dikirim ke Okta Wahyu Nugraha (+6282251088276)!
2025-05-06 15:59:51,571 - INFO - Pesan berhasil dikirim ke Rosetina Fini Alsera (+6281296036385)!
2025-05-06 15:59:58,618 - INFO - Pesan berhasil dikirim ke Shafa (+6287863150050)!
2025-05-06 16:00:05,666 - INFO - Pesan berhasil dikirim ke Ari Susilowati (+6281250605890)!
2025-05-06 16:00:12,711 - INFO - Pesan berhasil dikirim ke Rifki Maulana (+6285229767078)!
2025-05-06 16:00:19,757 - INFO - Pesan berhasil dikirim ke Sega Purwa Wika (+6282149633011)!
2025-05-06 16:00:26,803 - INFO - Pesan berhasil dikirim ke Alphin Pratama Husada (+6282261828467)!
2025-05-06 16:00:33,849 - INFO - Pesan berhasil dikirim ke Bambang Luhat (+6282358880344)!
2025-05-06 16:00:40,897 - INFO - Pesan berhasil dikirim ke Fachri Izzudin Lazuardi (+6285155228104)!
2025-05-06 16:00:47,942 - INFO - Pesan berhasil dikirim ke Andi Nurdiansyah (+6287834620297)!
2025-05-06 16:00:54,985 - INFO - Pesan berhasil dikirim ke Afnita Rahma Auliya Putri (+6285882292588)!
2025-05-06 16:01:02,031 - INFO - Pesan berhasil dikirim ke Anissa Nurullya Fernanda (+6282140772590)!
2025-05-06 16:01:09,084 - INFO - Pesan berhasil dikirim ke Febri Fatika Sari (+6285726025343)!
2025-05-06 16:01:16,130 - INFO - Pesan berhasil dikirim ke Marini Safa Aziza (+6281519961747)!
2025-05-06 16:01:23,173 - INFO - Pesan berhasil dikirim ke Najwa Fairus Samaya (+62895415969010)!
2025-05-06 16:01:30,216 - INFO - Pesan berhasil dikirim ke Fiqah Rochmah Ningtyas Duana Putri (+6287764807421)!
2025-05-06 16:01:37,261 - INFO - Pesan berhasil dikirim ke Lia Aulia Hayati (+6281256530709)!
2025-05-06 16:01:44,311 - INFO - Pesan berhasil dikirim ke Mardiana (+6282354058587)!
2025-05-06 16:01:51,356 - INFO - Pesan berhasil dikirim ke Chairunnisa Fauzia Samu (+6282188220763)!
2025-05-06 16:01:58,403 - INFO - Pesan berhasil dikirim ke Novanni Indi Pradana (+6283836260392)!
2025-05-06 16:01:59,904 - INFO - Menutup tab WhatsApp Web...
2025-05-07 15:51:05,160 - INFO - Checking if today (2025-05-07) is a workday.
2025-05-07 15:51:05,160 - INFO - Hari ini adalah hari kerja. Pesan akan dikirim.
2025-05-07 15:58:56,549 - INFO - Pesan berhasil dikirim ke Yuda Agus Irianto (+6281253949680)!
2025-05-07 15:59:03,614 - INFO - Pesan berhasil dikirim ke Warsidi (+6281253216991)!
2025-05-07 15:59:10,671 - INFO - Pesan berhasil dikirim ke Muhamadsyah (+6285294404060)!
2025-05-07 15:59:17,711 - INFO - Pesan berhasil dikirim ke Dwi Prasetyono (+6282331466449)!
2025-05-07 15:59:24,776 - INFO - Pesan berhasil dikirim ke Tiara Kusuma Widianingrum (+6281351887561)!
2025-05-07 15:59:31,856 - INFO - Pesan berhasil dikirim ke Idhamsyah (+6281347516619)!
2025-05-07 15:59:38,955 - INFO - Pesan berhasil dikirim ke Mohammad Agusti Rahman (+6282171808270)!
2025-05-07 15:59:46,066 - INFO - Pesan berhasil dikirim ke Okta Wahyu Nugraha (+6282251088276)!
2025-05-07 15:59:53,140 - INFO - Pesan berhasil dikirim ke Rosetina Fini Alsera (+6281296036385)!
2025-05-07 16:00:00,239 - INFO - Pesan berhasil dikirim ke Shafa (+6287863150050)!
2025-05-07 16:00:07,293 - INFO - Pesan berhasil dikirim ke Ari Susilowati (+6281250605890)!
2025-05-07 16:00:14,401 - INFO - Pesan berhasil dikirim ke Rifki Maulana (+6285229767078)!
2025-05-07 16:00:21,503 - INFO - Pesan berhasil dikirim ke Sega Purwa Wika (+6282149633011)!
2025-05-07 16:00:28,594 - INFO - Pesan berhasil dikirim ke Alphin Pratama Husada (+6282261828467)!
2025-05-07 16:00:35,676 - INFO - Pesan berhasil dikirim ke Bambang Luhat (+6282358880344)!
2025-05-07 16:00:42,775 - INFO - Pesan berhasil dikirim ke Fachri Izzudin Lazuardi (+6285155228104)!
2025-05-07 16:00:49,902 - INFO - Pesan berhasil dikirim ke Andi Nurdiansyah (+6287834620297)!
2025-05-07 16:00:57,007 - INFO - Pesan berhasil dikirim ke Afnita Rahma Auliya Putri (+6285882292588)!
2025-05-07 16:01:04,095 - INFO - Pesan berhasil dikirim ke Anissa Nurullya Fernanda (+6282140772590)!
2025-05-07 16:01:11,169 - INFO - Pesan berhasil dikirim ke Febri Fatika Sari (+6285726025343)!
2025-05-07 16:01:18,259 - INFO - Pesan berhasil dikirim ke Marini Safa Aziza (+6281519961747)!
2025-05-07 16:01:25,347 - INFO - Pesan berhasil dikirim ke Najwa Fairus Samaya (+62895415969010)!
2025-05-07 16:01:32,437 - INFO - Pesan berhasil dikirim ke Fiqah Rochmah Ningtyas Duana Putri (+6287764807421)!
2025-05-07 16:01:39,507 - INFO - Pesan berhasil dikirim ke Lia Aulia Hayati (+6281256530709)!
2025-05-07 16:01:46,593 - INFO - Pesan berhasil dikirim ke Mardiana (+6282354058587)!
2025-05-07 16:01:53,685 - INFO - Pesan berhasil dikirim ke Chairunnisa Fauzia Samu (+6282188220763)!
2025-05-07 16:02:00,789 - INFO - Pesan berhasil dikirim ke Novanni Indi Pradana (+6283836260392)!
2025-05-07 16:02:02,290 - INFO - Menutup tab WhatsApp Web...
2025-05-08 15:32:36,328 - INFO - Checking if today (2025-05-08) is a workday.
2025-05-08 15:32:36,329 - INFO - Hari ini adalah hari kerja. Pesan akan dikirim.
2025-05-08 15:59:06,695 - INFO - Pesan berhasil dikirim ke Yuda Agus Irianto (+6281253949680)!
2025-05-08 15:59:13,750 - INFO - Pesan berhasil dikirim ke Warsidi (+6281253216991)!
2025-05-08 15:59:20,795 - INFO - Pesan berhasil dikirim ke Muhamadsyah (+6285294404060)!
2025-05-08 15:59:27,852 - INFO - Pesan berhasil dikirim ke Dwi Prasetyono (+6282331466449)!
2025-05-08 15:59:34,899 - INFO - Pesan berhasil dikirim ke Tiara Kusuma Widianingrum (+6281351887561)!
2025-05-08 15:59:41,975 - INFO - Pesan berhasil dikirim ke Idhamsyah (+6281347516619)!
2025-05-08 15:59:49,065 - INFO - Pesan berhasil dikirim ke Mohammad Agusti Rahman (+6282171808270)!
2025-05-08 15:59:56,152 - INFO - Pesan berhasil dikirim ke Okta Wahyu Nugraha (+6282251088276)!
2025-05-08 16:00:03,267 - INFO - Pesan berhasil dikirim ke Shafa (+6287863150050)!
2025-05-08 16:00:10,360 - INFO - Pesan berhasil dikirim ke Ari Susilowati (+6281250605890)!
2025-05-08 16:00:17,491 - INFO - Pesan berhasil dikirim ke Rifki Maulana (+6285229767078)!
2025-05-08 16:00:24,562 - INFO - Pesan berhasil dikirim ke Sega Purwa Wika (+6282149633011)!
2025-05-08 16:00:31,641 - INFO - Pesan berhasil dikirim ke Alphin Pratama Husada (+6282261828467)!
2025-05-08 16:00:38,741 - INFO - Pesan berhasil dikirim ke Bambang Luhat (+6282358880344)!
2025-05-08 16:00:45,828 - INFO - Pesan berhasil dikirim ke Fachri Izzudin Lazuardi (+6285155228104)!
2025-05-08 16:00:52,913 - INFO - Pesan berhasil dikirim ke Andi Nurdiansyah (+6287834620297)!
2025-05-08 16:01:00,006 - INFO - Pesan berhasil dikirim ke Afnita Rahma Auliya Putri (+6285882292588)!
2025-05-08 16:01:07,093 - INFO - Pesan berhasil dikirim ke Anissa Nurullya Fernanda (+6282140772590)!
2025-05-08 16:01:14,186 - INFO - Pesan berhasil dikirim ke Febri Fatika Sari (+6285726025343)!
2025-05-08 16:01:21,255 - INFO - Pesan berhasil dikirim ke Marini Safa Aziza (+6281519961747)!
2025-05-08 16:01:28,367 - INFO - Pesan berhasil dikirim ke Najwa Fairus Samaya (+62895415969010)!
2025-05-08 16:01:35,471 - INFO - Pesan berhasil dikirim ke Fiqah Rochmah Ningtyas Duana Putri (+6287764807421)!
2025-05-08 16:01:42,537 - INFO - Pesan berhasil dikirim ke Lia Aulia Hayati (+6281256530709)!
2025-05-08 16:01:49,617 - INFO - Pesan berhasil dikirim ke Mardiana (+6282354058587)!
2025-05-08 16:01:56,697 - INFO - Pesan berhasil dikirim ke Novanni Indi Pradana (+6283836260392)!
2025-05-08 16:01:58,199 - INFO - Menutup tab WhatsApp Web...
2025-05-09 16:15:51,261 - INFO - Checking if today (2025-05-09) is a workday.
2025-05-09 16:15:51,261 - INFO - Hari ini adalah hari kerja. Pesan akan dikirim.
2025-05-09 16:29:00,580 - INFO - Pesan berhasil dikirim ke Yuda Agus Irianto (+6281253949680)!
2025-05-09 16:29:07,617 - INFO - Pesan berhasil dikirim ke Warsidi (+6281253216991)!
2025-05-09 16:29:14,658 - INFO - Pesan berhasil dikirim ke Muhamadsyah (+6285294404060)!
2025-05-09 16:29:21,705 - INFO - Pesan berhasil dikirim ke Dwi Prasetyono (+6282331466449)!
2025-05-09 16:29:28,752 - INFO - Pesan berhasil dikirim ke Tiara Kusuma Widianingrum (+6281351887561)!
2025-05-09 16:29:35,796 - INFO - Pesan berhasil dikirim ke Idhamsyah (+6281347516619)!
2025-05-09 16:29:42,836 - INFO - Pesan berhasil dikirim ke Mohammad Agusti Rahman (+6282171808270)!
2025-05-09 16:29:49,882 - INFO - Pesan berhasil dikirim ke Okta Wahyu Nugraha (+6282251088276)!
2025-05-09 16:29:56,926 - INFO - Pesan berhasil dikirim ke Shafa (+6287863150050)!
2025-05-09 16:30:03,974 - INFO - Pesan berhasil dikirim ke Ari Susilowati (+6281250605890)!
2025-05-09 16:30:11,018 - INFO - Pesan berhasil dikirim ke Rifki Maulana (+6285229767078)!
2025-05-09 16:30:18,056 - INFO - Pesan berhasil dikirim ke Sega Purwa Wika (+6282149633011)!
2025-05-09 16:30:25,102 - INFO - Pesan berhasil dikirim ke Alphin Pratama Husada (+6282261828467)!
2025-05-09 16:30:32,154 - INFO - Pesan berhasil dikirim ke Bambang Luhat (+6282358880344)!
2025-05-09 16:30:39,202 - INFO - Pesan berhasil dikirim ke Fachri Izzudin Lazuardi (+6285155228104)!
2025-05-09 16:30:46,252 - INFO - Pesan berhasil dikirim ke Andi Nurdiansyah (+6287834620297)!
2025-05-09 16:30:53,303 - INFO - Pesan berhasil dikirim ke Afnita Rahma Auliya Putri (+6285882292588)!
2025-05-09 16:31:00,347 - INFO - Pesan berhasil dikirim ke Anissa Nurullya Fernanda (+6282140772590)!
2025-05-09 16:31:07,395 - INFO - Pesan berhasil dikirim ke Febri Fatika Sari (+6285726025343)!
2025-05-09 16:31:14,441 - INFO - Pesan berhasil dikirim ke Marini Safa Aziza (+6281519961747)!
2025-05-09 16:31:21,484 - INFO - Pesan berhasil dikirim ke Najwa Fairus Samaya (+62895415969010)!
2025-05-09 16:31:28,528 - INFO - Pesan berhasil dikirim ke Fiqah Rochmah Ningtyas Duana Putri (+6287764807421)!
2025-05-09 16:31:35,589 - INFO - Pesan berhasil dikirim ke Lia Aulia Hayati (+6281256530709)!
2025-05-09 16:31:42,637 - INFO - Pesan berhasil dikirim ke Mardiana (+6282354058587)!
2025-05-09 16:31:49,679 - INFO - Pesan berhasil dikirim ke Novanni Indi Pradana (+6283836260392)!
2025-05-09 16:31:51,179 - INFO - Menutup tab WhatsApp Web...
2025-05-14 15:50:47,206 - INFO - Checking if today (2025-05-14) is a workday.
2025-05-14 15:50:47,207 - INFO - Hari ini adalah hari kerja. Pesan akan dikirim.
2025-05-14 15:50:56,126 - INFO - Checking if today (2025-05-14) is a workday.
2025-05-14 15:50:56,126 - INFO - Hari ini adalah hari kerja. Pesan akan dikirim.
2025-05-14 15:58:58,190 - INFO - Pesan berhasil dikirim ke Yuda Agus Irianto (+6281253949680)!
2025-05-14 15:59:05,326 - INFO - Pesan berhasil dikirim ke Warsidi (+6281253216991)!
2025-05-14 15:59:12,467 - INFO - Pesan berhasil dikirim ke Muhamadsyah (+6285294404060)!
2025-05-14 15:59:19,587 - INFO - Pesan berhasil dikirim ke Dwi Prasetyono (+6282331466449)!
2025-05-14 15:59:26,724 - INFO - Pesan berhasil dikirim ke Tiara Kusuma Widianingrum (+6281351887561)!
2025-05-14 15:59:33,830 - INFO - Pesan berhasil dikirim ke Idhamsyah (+6281347516619)!
2025-05-14 15:59:40,971 - INFO - Pesan berhasil dikirim ke Mohammad Agusti Rahman (+6282171808270)!
2025-05-14 15:59:48,111 - INFO - Pesan berhasil dikirim ke Okta Wahyu Nugraha (+6282251088276)!
2025-05-14 16:00:10,777 - INFO - Checking if today (2025-05-14) is a workday.
2025-05-14 16:00:10,778 - INFO - Hari ini adalah hari kerja. Pesan akan dikirim.
2025-05-14 16:00:53,826 - INFO - Pesan berhasil dikirim ke Yuda Agus Irianto (+6281253949680)!
2025-05-14 16:01:00,966 - INFO - Pesan berhasil dikirim ke Warsidi (+6281253216991)!
2025-05-14 16:01:08,096 - INFO - Pesan berhasil dikirim ke Muhamadsyah (+6285294404060)!
2025-05-14 16:01:15,276 - INFO - Pesan berhasil dikirim ke Dwi Prasetyono (+6282331466449)!
2025-05-14 16:01:22,390 - INFO - Pesan berhasil dikirim ke Tiara Kusuma Widianingrum (+6281351887561)!
2025-05-14 16:01:29,458 - INFO - Pesan berhasil dikirim ke Idhamsyah (+6281347516619)!
2025-05-14 16:01:36,619 - INFO - Pesan berhasil dikirim ke Mohammad Agusti Rahman (+6282171808270)!
2025-05-14 16:01:43,806 - INFO - Pesan berhasil dikirim ke Okta Wahyu Nugraha (+6282251088276)!
2025-05-14 16:01:50,899 - INFO - Pesan berhasil dikirim ke Shafa (+6287863150050)!
2025-05-14 16:01:57,980 - INFO - Pesan berhasil dikirim ke Ari Susilowati (+6281250605890)!
2025-05-14 16:02:05,049 - INFO - Pesan berhasil dikirim ke Rifki Maulana (+6285229767078)!
2025-05-14 16:02:12,200 - INFO - Pesan berhasil dikirim ke Sega Purwa Wika (+6282149633011)!
2025-05-14 16:02:19,319 - INFO - Pesan berhasil dikirim ke Alphin Pratama Husada (+6282261828467)!
2025-05-14 16:02:26,480 - INFO - Pesan berhasil dikirim ke Bambang Luhat (+6282358880344)!
2025-05-14 16:02:33,637 - INFO - Pesan berhasil dikirim ke Fachri Izzudin Lazuardi (+6285155228104)!
2025-05-14 16:02:40,811 - INFO - Pesan berhasil dikirim ke Andi Nurdiansyah (+6287834620297)!
2025-05-14 16:02:47,957 - INFO - Pesan berhasil dikirim ke Afnita Rahma Auliya Putri (+6285882292588)!
2025-05-14 16:02:55,148 - INFO - Pesan berhasil dikirim ke Anissa Nurullya Fernanda (+6282140772590)!
2025-05-14 16:03:02,322 - INFO - Pesan berhasil dikirim ke Febri Fatika Sari (+6285726025343)!
2025-05-14 16:03:09,457 - INFO - Pesan berhasil dikirim ke Marini Safa Aziza (+6281519961747)!
2025-05-14 16:03:16,618 - INFO - Pesan berhasil dikirim ke Najwa Fairus Samaya (+62895415969010)!
2025-05-14 16:03:23,714 - INFO - Pesan berhasil dikirim ke Fiqah Rochmah Ningtyas Duana Putri (+6287764807421)!
2025-05-14 16:03:30,856 - INFO - Pesan berhasil dikirim ke Lia Aulia Hayati (+6281256530709)!
2025-05-14 16:03:38,011 - INFO - Pesan berhasil dikirim ke Mardiana (+6282354058587)!
2025-05-14 16:03:45,177 - INFO - Pesan berhasil dikirim ke Novanni Indi Pradana (+6283836260392)!
2025-05-14 16:03:46,678 - INFO - Menutup tab WhatsApp Web...
2025-05-15 15:39:24,703 - INFO - Checking if today (2025-05-15) is a workday.
2025-05-15 15:39:24,703 - INFO - Hari ini adalah hari kerja. Pesan akan dikirim.
2025-05-15 15:59:04,762 - INFO - Pesan berhasil dikirim ke Yuda Agus Irianto (+6281253949680)!
2025-05-15 15:59:11,860 - INFO - Pesan berhasil dikirim ke Warsidi (+6281253216991)!
2025-05-15 15:59:18,963 - INFO - Pesan berhasil dikirim ke Muhamadsyah (+6285294404060)!
2025-05-15 15:59:26,077 - INFO - Pesan berhasil dikirim ke Dwi Prasetyono (+6282331466449)!
2025-05-15 15:59:33,204 - INFO - Pesan berhasil dikirim ke Tiara Kusuma Widianingrum (+6281351887561)!
2025-05-15 15:59:40,307 - INFO - Pesan berhasil dikirim ke Idhamsyah (+6281347516619)!
2025-05-15 15:59:47,398 - INFO - Pesan berhasil dikirim ke Mohammad Agusti Rahman (+6282171808270)!
2025-05-15 15:59:54,491 - INFO - Pesan berhasil dikirim ke Okta Wahyu Nugraha (+6282251088276)!
2025-05-15 16:00:01,594 - INFO - Pesan berhasil dikirim ke Rosetina Fini Alsera (+6281296036385)!
2025-05-15 16:00:08,712 - INFO - Pesan berhasil dikirim ke Shafa (+6287863150050)!
2025-05-15 16:00:15,799 - INFO - Pesan berhasil dikirim ke Ari Susilowati (+6281250605890)!
2025-05-15 16:00:22,863 - INFO - Pesan berhasil dikirim ke Rifki Maulana (+6285229767078)!
2025-05-15 16:00:30,003 - INFO - Pesan berhasil dikirim ke Sega Purwa Wika (+6282149633011)!
2025-05-15 16:00:37,122 - INFO - Pesan berhasil dikirim ke Alphin Pratama Husada (+6282261828467)!
2025-05-15 16:00:44,202 - INFO - Pesan berhasil dikirim ke Bambang Luhat (+6282358880344)!
2025-05-15 16:00:51,321 - INFO - Pesan berhasil dikirim ke Fachri Izzudin Lazuardi (+6285155228104)!
2025-05-15 16:00:58,416 - INFO - Pesan berhasil dikirim ke Andi Nurdiansyah (+6287834620297)!
2025-05-15 16:01:05,547 - INFO - Pesan berhasil dikirim ke Afnita Rahma Auliya Putri (+6285882292588)!
2025-05-15 16:01:12,654 - INFO - Pesan berhasil dikirim ke Anissa Nurullya Fernanda (+6282140772590)!
2025-05-15 16:01:19,795 - INFO - Pesan berhasil dikirim ke Febri Fatika Sari (+6285726025343)!
2025-05-15 16:01:26,901 - INFO - Pesan berhasil dikirim ke Marini Safa Aziza (+6281519961747)!
2025-05-15 16:01:34,004 - INFO - Pesan berhasil dikirim ke Najwa Fairus Samaya (+62895415969010)!
2025-05-15 16:01:41,108 - INFO - Pesan berhasil dikirim ke Fiqah Rochmah Ningtyas Duana Putri (+6287764807421)!
2025-05-15 16:01:48,224 - INFO - Pesan berhasil dikirim ke Lia Aulia Hayati (+6281256530709)!
2025-05-15 16:01:55,319 - INFO - Pesan berhasil dikirim ke Mardiana (+6282354058587)!
2025-05-15 16:02:02,392 - INFO - Pesan berhasil dikirim ke Novanni Indi Pradana (+6283836260392)!
2025-05-15 16:02:03,892 - INFO - Menutup tab WhatsApp Web...
2025-05-16 16:27:42,434 - INFO - Checking if today (2025-05-16) is a workday.
2025-05-16 16:27:42,435 - INFO - Hari ini adalah hari kerja. Pesan akan dikirim.
2025-05-16 16:28:53,489 - INFO - Pesan berhasil dikirim ke Yuda Agus Irianto (+6281253949680)!
2025-05-16 16:29:00,590 - INFO - Pesan berhasil dikirim ke Warsidi (+6281253216991)!
2025-05-16 16:29:07,726 - INFO - Pesan berhasil dikirim ke Muhamadsyah (+6285294404060)!
2025-05-16 16:29:14,820 - INFO - Pesan berhasil dikirim ke Dwi Prasetyono (+6282331466449)!
2025-05-16 16:29:21,931 - INFO - Pesan berhasil dikirim ke Tiara Kusuma Widianingrum (+6281351887561)!
2025-05-16 16:29:29,007 - INFO - Pesan berhasil dikirim ke Idhamsyah (+6281347516619)!
2025-05-16 16:29:36,164 - INFO - Pesan berhasil dikirim ke Mohammad Agusti Rahman (+6282171808270)!
2025-05-16 16:29:43,289 - INFO - Pesan berhasil dikirim ke Okta Wahyu Nugraha (+6282251088276)!
2025-05-16 16:29:50,466 - INFO - Pesan berhasil dikirim ke Rosetina Fini Alsera (+6281296036385)!
2025-05-16 16:29:57,627 - INFO - Pesan berhasil dikirim ke Shafa (+6287863150050)!
2025-05-16 16:30:04,759 - INFO - Pesan berhasil dikirim ke Ari Susilowati (+6281250605890)!
2025-05-16 16:30:11,885 - INFO - Pesan berhasil dikirim ke Rifki Maulana (+6285229767078)!
2025-05-16 16:30:18,984 - INFO - Pesan berhasil dikirim ke Sega Purwa Wika (+6282149633011)!
2025-05-16 16:30:26,149 - INFO - Pesan berhasil dikirim ke Alphin Pratama Husada (+6282261828467)!
2025-05-16 16:30:33,284 - INFO - Pesan berhasil dikirim ke Bambang Luhat (+6282358880344)!
2025-05-16 16:30:40,385 - INFO - Pesan berhasil dikirim ke Fachri Izzudin Lazuardi (+6285155228104)!
2025-05-16 16:30:47,492 - INFO - Pesan berhasil dikirim ke Andi Nurdiansyah (+6287834620297)!
2025-05-16 16:30:54,642 - INFO - Pesan berhasil dikirim ke Afnita Rahma Auliya Putri (+6285882292588)!
2025-05-16 16:31:01,771 - INFO - Pesan berhasil dikirim ke Anissa Nurullya Fernanda (+6282140772590)!
2025-05-16 16:31:08,903 - INFO - Pesan berhasil dikirim ke Febri Fatika Sari (+6285726025343)!
2025-05-16 16:31:16,017 - INFO - Pesan berhasil dikirim ke Marini Safa Aziza (+6281519961747)!
2025-05-16 16:31:23,144 - INFO - Pesan berhasil dikirim ke Najwa Fairus Samaya (+62895415969010)!
2025-05-16 16:31:30,264 - INFO - Pesan berhasil dikirim ke Fiqah Rochmah Ningtyas Duana Putri (+6287764807421)!
2025-05-16 16:31:37,404 - INFO - Pesan berhasil dikirim ke Lia Aulia Hayati (+6281256530709)!
2025-05-16 16:31:44,524 - INFO - Pesan berhasil dikirim ke Mardiana (+6282354058587)!
2025-05-16 16:31:51,686 - INFO - Pesan berhasil dikirim ke Novanni Indi Pradana (+6283836260392)!
2025-05-16 16:31:53,187 - INFO - Menutup tab WhatsApp Web...
2025-05-19 15:46:35,673 - INFO - Checking if today (2025-05-19) is a workday.
2025-05-19 15:46:35,674 - INFO - Hari ini adalah hari kerja. Pesan akan dikirim.
2025-05-19 15:59:01,011 - INFO - Pesan berhasil dikirim ke Yuda Agus Irianto (+6281253949680)!
2025-05-19 15:59:08,050 - INFO - Pesan berhasil dikirim ke Warsidi (+6281253216991)!
2025-05-19 15:59:15,091 - INFO - Pesan berhasil dikirim ke Muhamadsyah (+6285294404060)!
2025-05-19 15:59:22,149 - INFO - Pesan berhasil dikirim ke Dwi Prasetyono (+6282331466449)!
2025-05-19 15:59:29,219 - INFO - Pesan berhasil dikirim ke Tiara Kusuma Widianingrum (+6281351887561)!
2025-05-19 15:59:36,309 - INFO - Pesan berhasil dikirim ke Idhamsyah (+6281347516619)!
2025-05-19 15:59:43,376 - INFO - Pesan berhasil dikirim ke Mohammad Agusti Rahman (+6282171808270)!
2025-05-19 15:59:50,453 - INFO - Pesan berhasil dikirim ke Okta Wahyu Nugraha (+6282251088276)!
2025-05-19 15:59:57,526 - INFO - Pesan berhasil dikirim ke Rosetina Fini Alsera (+6281296036385)!
2025-05-19 16:00:04,600 - INFO - Pesan berhasil dikirim ke Shafa (+6287863150050)!
2025-05-19 16:00:11,655 - INFO - Pesan berhasil dikirim ke Ari Susilowati (+6281250605890)!
2025-05-19 16:00:18,715 - INFO - Pesan berhasil dikirim ke Rifki Maulana (+6285229767078)!
2025-05-19 16:00:25,787 - INFO - Pesan berhasil dikirim ke Sega Purwa Wika (+6282149633011)!
2025-05-19 16:00:32,857 - INFO - Pesan berhasil dikirim ke Alphin Pratama Husada (+6282261828467)!
2025-05-19 16:00:39,932 - INFO - Pesan berhasil dikirim ke Bambang Luhat (+6282358880344)!
2025-05-19 16:00:46,999 - INFO - Pesan berhasil dikirim ke Fachri Izzudin Lazuardi (+6285155228104)!
2025-05-19 16:00:54,072 - INFO - Pesan berhasil dikirim ke Andi Nurdiansyah (+6287834620297)!
2025-05-19 16:01:01,145 - INFO - Pesan berhasil dikirim ke Afnita Rahma Auliya Putri (+6285882292588)!
2025-05-19 16:01:08,208 - INFO - Pesan berhasil dikirim ke Anissa Nurullya Fernanda (+6282140772590)!
2025-05-19 16:01:15,287 - INFO - Pesan berhasil dikirim ke Febri Fatika Sari (+6285726025343)!
2025-05-19 16:01:22,341 - INFO - Pesan berhasil dikirim ke Marini Safa Aziza (+6281519961747)!
2025-05-19 16:01:29,412 - INFO - Pesan berhasil dikirim ke Najwa Fairus Samaya (+62895415969010)!
2025-05-19 16:01:36,488 - INFO - Pesan berhasil dikirim ke Fiqah Rochmah Ningtyas Duana Putri (+6287764807421)!
2025-05-19 16:01:43,543 - INFO - Pesan berhasil dikirim ke Lia Aulia Hayati (+6281256530709)!
2025-05-19 16:01:50,620 - INFO - Pesan berhasil dikirim ke Mardiana (+6282354058587)!
2025-05-19 16:01:57,699 - INFO - Pesan berhasil dikirim ke Novanni Indi Pradana (+6283836260392)!
2025-05-19 16:01:59,200 - INFO - Menutup tab WhatsApp Web...
2025-05-20 15:54:51,502 - INFO - Checking if today (2025-05-20) is a workday.
2025-05-20 15:54:51,502 - INFO - Hari ini adalah hari kerja. Pesan akan dikirim.
2025-05-20 15:58:54,902 - INFO - Pesan berhasil dikirim ke Yuda Agus Irianto (+6281253949680)!
2025-05-20 15:59:01,954 - INFO - Pesan berhasil dikirim ke Warsidi (+6281253216991)!
2025-05-20 15:59:09,025 - INFO - Pesan berhasil dikirim ke Muhamadsyah (+6285294404060)!
2025-05-20 15:59:16,094 - INFO - Pesan berhasil dikirim ke Dwi Prasetyono (+6282331466449)!
2025-05-20 15:59:23,167 - INFO - Pesan berhasil dikirim ke Tiara Kusuma Widianingrum (+6281351887561)!
2025-05-20 15:59:30,241 - INFO - Pesan berhasil dikirim ke Idhamsyah (+6281347516619)!
2025-05-20 15:59:37,320 - INFO - Pesan berhasil dikirim ke Mohammad Agusti Rahman (+6282171808270)!
2025-05-20 15:59:44,387 - INFO - Pesan berhasil dikirim ke Okta Wahyu Nugraha (+6282251088276)!
2025-05-20 15:59:51,457 - INFO - Pesan berhasil dikirim ke Rosetina Fini Alsera (+6281296036385)!
2025-05-20 15:59:58,528 - INFO - Pesan berhasil dikirim ke Shafa (+6287863150050)!
2025-05-20 16:00:05,600 - INFO - Pesan berhasil dikirim ke Ari Susilowati (+6281250605890)!
2025-05-20 16:00:12,648 - INFO - Pesan berhasil dikirim ke Rifki Maulana (+6285229767078)!
2025-05-20 16:00:19,718 - INFO - Pesan berhasil dikirim ke Sega Purwa Wika (+6282149633011)!
2025-05-20 16:00:26,770 - INFO - Pesan berhasil dikirim ke Alphin Pratama Husada (+6282261828467)!
2025-05-20 16:00:33,838 - INFO - Pesan berhasil dikirim ke Bambang Luhat (+6282358880344)!
2025-05-20 16:00:40,911 - INFO - Pesan berhasil dikirim ke Fachri Izzudin Lazuardi (+6285155228104)!
2025-05-20 16:00:47,967 - INFO - Pesan berhasil dikirim ke Afnita Rahma Auliya Putri (+6285882292588)!
2025-05-20 16:00:55,037 - INFO - Pesan berhasil dikirim ke Anissa Nurullya Fernanda (+6282140772590)!
2025-05-20 16:01:02,109 - INFO - Pesan berhasil dikirim ke Febri Fatika Sari (+6285726025343)!
2025-05-20 16:01:09,167 - INFO - Pesan berhasil dikirim ke Marini Safa Aziza (+6281519961747)!
2025-05-20 16:01:16,236 - INFO - Pesan berhasil dikirim ke Najwa Fairus Samaya (+62895415969010)!
2025-05-20 16:01:23,294 - INFO - Pesan berhasil dikirim ke Fiqah Rochmah Ningtyas Duana Putri (+6287764807421)!
2025-05-20 16:01:30,363 - INFO - Pesan berhasil dikirim ke Lia Aulia Hayati (+6281256530709)!
2025-05-20 16:01:37,433 - INFO - Pesan berhasil dikirim ke Mardiana (+6282354058587)!
2025-05-20 16:01:44,506 - INFO - Pesan berhasil dikirim ke Novanni Indi Pradana (+6283836260392)!
2025-05-20 16:01:46,007 - INFO - Menutup tab WhatsApp Web...
2025-05-21 15:44:14,702 - INFO - Checking if today (2025-05-21) is a workday.
2025-05-21 15:44:14,703 - INFO - Hari ini adalah hari kerja. Pesan akan dikirim.
2025-05-21 15:59:02,888 - INFO - Pesan berhasil dikirim ke Yuda Agus Irianto (+6281253949680)!
2025-05-21 15:59:10,044 - INFO - Pesan berhasil dikirim ke Warsidi (+6281253216991)!
2025-05-21 15:59:17,152 - INFO - Pesan berhasil dikirim ke Muhamadsyah (+6285294404060)!
2025-05-21 15:59:24,270 - INFO - Pesan berhasil dikirim ke Dwi Prasetyono (+6282331466449)!
2025-05-21 15:59:31,391 - INFO - Pesan berhasil dikirim ke Tiara Kusuma Widianingrum (+6281351887561)!
2025-05-21 15:59:38,496 - INFO - Pesan berhasil dikirim ke Idhamsyah (+6281347516619)!
2025-05-21 15:59:45,607 - INFO - Pesan berhasil dikirim ke Mohammad Agusti Rahman (+6282171808270)!
2025-05-21 15:59:52,707 - INFO - Pesan berhasil dikirim ke Okta Wahyu Nugraha (+6282251088276)!
2025-05-21 15:59:59,827 - INFO - Pesan berhasil dikirim ke Rosetina Fini Alsera (+6281296036385)!
2025-05-21 16:00:06,944 - INFO - Pesan berhasil dikirim ke Shafa (+6287863150050)!
2025-05-21 16:00:14,068 - INFO - Pesan berhasil dikirim ke Ari Susilowati (+6281250605890)!
2025-05-21 16:00:21,197 - INFO - Pesan berhasil dikirim ke Rifki Maulana (+6285229767078)!
2025-05-21 16:00:28,297 - INFO - Pesan berhasil dikirim ke Sega Purwa Wika (+6282149633011)!
2025-05-21 16:00:35,382 - INFO - Pesan berhasil dikirim ke Alphin Pratama Husada (+6282261828467)!
2025-05-21 16:00:42,458 - INFO - Pesan berhasil dikirim ke Bambang Luhat (+6282358880344)!
2025-05-21 16:00:49,544 - INFO - Pesan berhasil dikirim ke Fachri Izzudin Lazuardi (+6285155228104)!
2025-05-21 16:00:56,639 - INFO - Pesan berhasil dikirim ke Afnita Rahma Auliya Putri (+6285882292588)!
2025-05-21 16:01:03,772 - INFO - Pesan berhasil dikirim ke Anissa Nurullya Fernanda (+6282140772590)!
2025-05-21 16:01:10,890 - INFO - Pesan berhasil dikirim ke Febri Fatika Sari (+6285726025343)!
2025-05-21 16:01:17,984 - INFO - Pesan berhasil dikirim ke Marini Safa Aziza (+6281519961747)!
2025-05-21 16:01:25,066 - INFO - Pesan berhasil dikirim ke Najwa Fairus Samaya (+62895415969010)!
2025-05-21 16:01:32,159 - INFO - Pesan berhasil dikirim ke Fiqah Rochmah Ningtyas Duana Putri (+6287764807421)!
2025-05-21 16:01:39,243 - INFO - Pesan berhasil dikirim ke Lia Aulia Hayati (+6281256530709)!
2025-05-21 16:01:46,325 - INFO - Pesan berhasil dikirim ke Mardiana (+6282354058587)!
2025-05-21 16:01:53,437 - INFO - Pesan berhasil dikirim ke Novanni Indi Pradana (+6283836260392)!
2025-05-21 16:01:54,938 - INFO - Menutup tab WhatsApp Web...
2025-05-22 15:53:58,904 - INFO - Checking if today (2025-05-22) is a workday.
2025-05-22 15:53:58,904 - INFO - Hari ini adalah hari kerja. Pesan akan dikirim.
2025-05-22 15:58:56,341 - INFO - Pesan berhasil dikirim ke Yuda Agus Irianto (+6281253949680)!
2025-05-22 15:59:03,375 - INFO - Pesan berhasil dikirim ke Warsidi (+6281253216991)!
2025-05-22 15:59:10,398 - INFO - Pesan berhasil dikirim ke Muhamadsyah (+6285294404060)!
2025-05-22 15:59:17,431 - INFO - Pesan berhasil dikirim ke Dwi Prasetyono (+6282331466449)!
2025-05-22 15:59:24,466 - INFO - Pesan berhasil dikirim ke Tiara Kusuma Widianingrum (+6281351887561)!
2025-05-22 15:59:31,503 - INFO - Pesan berhasil dikirim ke Idhamsyah (+6281347516619)!
2025-05-22 15:59:38,537 - INFO - Pesan berhasil dikirim ke Mohammad Agusti Rahman (+6282171808270)!
2025-05-22 15:59:45,570 - INFO - Pesan berhasil dikirim ke Okta Wahyu Nugraha (+6282251088276)!
2025-05-22 15:59:52,603 - INFO - Pesan berhasil dikirim ke Rosetina Fini Alsera (+6281296036385)!
2025-05-22 15:59:59,637 - INFO - Pesan berhasil dikirim ke Shafa (+6287863150050)!
2025-05-22 16:00:06,712 - INFO - Pesan berhasil dikirim ke Ari Susilowati (+6281250605890)!
2025-05-22 16:00:13,744 - INFO - Pesan berhasil dikirim ke Rifki Maulana (+6285229767078)!
2025-05-22 16:00:20,779 - INFO - Pesan berhasil dikirim ke Sega Purwa Wika (+6282149633011)!
2025-05-22 16:00:27,815 - INFO - Pesan berhasil dikirim ke Alphin Pratama Husada (+6282261828467)!
2025-05-22 16:00:34,847 - INFO - Pesan berhasil dikirim ke Bambang Luhat (+6282358880344)!
2025-05-22 16:00:41,881 - INFO - Pesan berhasil dikirim ke Fachri Izzudin Lazuardi (+6285155228104)!
2025-05-22 16:00:48,917 - INFO - Pesan berhasil dikirim ke Afnita Rahma Auliya Putri (+6285882292588)!
2025-05-22 16:00:55,953 - INFO - Pesan berhasil dikirim ke Anissa Nurullya Fernanda (+6282140772590)!
2025-05-22 16:01:02,992 - INFO - Pesan berhasil dikirim ke Febri Fatika Sari (+6285726025343)!
2025-05-22 16:01:10,031 - INFO - Pesan berhasil dikirim ke Marini Safa Aziza (+6281519961747)!
2025-05-22 16:01:17,071 - INFO - Pesan berhasil dikirim ke Najwa Fairus Samaya (+62895415969010)!
2025-05-22 16:01:24,108 - INFO - Pesan berhasil dikirim ke Fiqah Rochmah Ningtyas Duana Putri (+6287764807421)!
2025-05-22 16:01:31,144 - INFO - Pesan berhasil dikirim ke Lia Aulia Hayati (+6281256530709)!
2025-05-22 16:01:38,178 - INFO - Pesan berhasil dikirim ke Mardiana (+6282354058587)!
2025-05-22 16:01:45,218 - INFO - Pesan berhasil dikirim ke Novanni Indi Pradana (+6283836260392)!
2025-05-22 16:01:46,719 - INFO - Menutup tab WhatsApp Web...
2025-05-23 16:26:06,818 - INFO - Checking if today (2025-05-23) is a workday.
2025-05-23 16:26:06,819 - INFO - Hari ini adalah hari kerja. Pesan akan dikirim.
2025-05-23 16:28:54,877 - INFO - Pesan berhasil dikirim ke Yuda Agus Irianto (+6281253949680)!
2025-05-23 16:29:01,943 - INFO - Pesan berhasil dikirim ke Warsidi (+6281253216991)!
2025-05-23 16:29:35,382 - INFO - Checking if today (2025-05-23) is a workday.
2025-05-23 16:29:35,382 - INFO - Hari ini adalah hari kerja. Pesan akan dikirim.
2025-05-23 16:30:23,191 - INFO - Pesan berhasil dikirim ke Yuda Agus Irianto (+6281253949680)!
2025-05-23 16:30:30,355 - INFO - Pesan berhasil dikirim ke Warsidi (+6281253216991)!
2025-05-23 16:30:37,518 - INFO - Pesan berhasil dikirim ke Muhamadsyah (+6285294404060)!
2025-05-23 16:30:44,671 - INFO - Pesan berhasil dikirim ke Dwi Prasetyono (+6282331466449)!
2025-05-23 16:30:51,807 - INFO - Pesan berhasil dikirim ke Tiara Kusuma Widianingrum (+6281351887561)!
2025-05-23 16:30:58,927 - INFO - Pesan berhasil dikirim ke Idhamsyah (+6281347516619)!
2025-05-23 16:31:06,021 - INFO - Pesan berhasil dikirim ke Mohammad Agusti Rahman (+6282171808270)!
2025-05-23 16:31:13,118 - INFO - Pesan berhasil dikirim ke Okta Wahyu Nugraha (+6282251088276)!
2025-05-23 16:31:20,203 - INFO - Pesan berhasil dikirim ke Rosetina Fini Alsera (+6281296036385)!
2025-05-23 16:31:27,355 - INFO - Pesan berhasil dikirim ke Shafa (+6287863150050)!
2025-05-23 16:31:34,497 - INFO - Pesan berhasil dikirim ke Ari Susilowati (+6281250605890)!
2025-05-23 16:31:41,637 - INFO - Pesan berhasil dikirim ke Rifki Maulana (+6285229767078)!
2025-05-23 16:31:48,755 - INFO - Pesan berhasil dikirim ke Sega Purwa Wika (+6282149633011)!
2025-05-23 16:31:55,901 - INFO - Pesan berhasil dikirim ke Alphin Pratama Husada (+6282261828467)!
2025-05-23 16:32:03,034 - INFO - Pesan berhasil dikirim ke Bambang Luhat (+6282358880344)!
2025-05-23 16:32:10,157 - INFO - Pesan berhasil dikirim ke Fachri Izzudin Lazuardi (+6285155228104)!
2025-05-23 16:32:17,295 - INFO - Pesan berhasil dikirim ke Afnita Rahma Auliya Putri (+6285882292588)!
2025-05-23 16:32:24,397 - INFO - Pesan berhasil dikirim ke Anissa Nurullya Fernanda (+6282140772590)!
2025-05-23 16:32:31,555 - INFO - Pesan berhasil dikirim ke Febri Fatika Sari (+6285726025343)!
2025-05-23 16:32:38,714 - INFO - Pesan berhasil dikirim ke Marini Safa Aziza (+6281519961747)!
2025-05-23 16:32:45,829 - INFO - Pesan berhasil dikirim ke Najwa Fairus Samaya (+62895415969010)!
2025-05-23 16:32:52,983 - INFO - Pesan berhasil dikirim ke Fiqah Rochmah Ningtyas Duana Putri (+6287764807421)!
2025-05-23 16:33:00,106 - INFO - Pesan berhasil dikirim ke Lia Aulia Hayati (+6281256530709)!
2025-05-23 16:33:07,268 - INFO - Pesan berhasil dikirim ke Mardiana (+6282354058587)!
2025-05-23 16:33:14,368 - INFO - Pesan berhasil dikirim ke Novanni Indi Pradana (+6283836260392)!
2025-05-23 16:33:15,869 - INFO - Menutup tab WhatsApp Web...
2025-05-26 15:54:22,873 - INFO - Checking if today (2025-05-26) is a workday.
2025-05-26 15:54:22,873 - INFO - Hari ini adalah hari kerja. Pesan akan dikirim.
2025-05-26 15:55:54,893 - INFO - Checking if today (2025-05-26) is a workday.
2025-05-26 15:55:54,893 - INFO - Hari ini adalah hari kerja. Pesan akan dikirim.
2025-05-26 15:58:55,129 - INFO - Pesan berhasil dikirim ke Yuda Agus Irianto (+6281253949680)!
2025-05-26 15:59:02,226 - INFO - Pesan berhasil dikirim ke Warsidi (+6281253216991)!
2025-05-26 15:59:09,339 - INFO - Pesan berhasil dikirim ke Muhamadsyah (+6285294404060)!
2025-05-26 15:59:16,465 - INFO - Pesan berhasil dikirim ke Dwi Prasetyono (+6282331466449)!
2025-05-26 15:59:23,583 - INFO - Pesan berhasil dikirim ke Tiara Kusuma Widianingrum (+6281351887561)!
2025-05-26 15:59:30,697 - INFO - Pesan berhasil dikirim ke Idhamsyah (+6281347516619)!
2025-05-26 15:59:37,797 - INFO - Pesan berhasil dikirim ke Mohammad Agusti Rahman (+6282171808270)!
2025-05-26 15:59:44,870 - INFO - Pesan berhasil dikirim ke Okta Wahyu Nugraha (+6282251088276)!
2025-05-26 15:59:51,961 - INFO - Pesan berhasil dikirim ke Rosetina Fini Alsera (+6281296036385)!
2025-05-26 15:59:59,074 - INFO - Pesan berhasil dikirim ke Shafa (+6287863150050)!
2025-05-26 16:00:06,250 - INFO - Pesan berhasil dikirim ke Ari Susilowati (+6281250605890)!
2025-05-26 16:00:13,362 - INFO - Pesan berhasil dikirim ke Rifki Maulana (+6285229767078)!
2025-05-26 16:00:20,484 - INFO - Pesan berhasil dikirim ke Sega Purwa Wika (+6282149633011)!
2025-05-26 16:00:27,559 - INFO - Pesan berhasil dikirim ke Alphin Pratama Husada (+6282261828467)!
2025-05-26 16:00:34,655 - INFO - Pesan berhasil dikirim ke Bambang Luhat (+6282358880344)!
2025-05-26 16:00:41,732 - INFO - Pesan berhasil dikirim ke Fachri Izzudin Lazuardi (+6285155228104)!
2025-05-26 16:00:48,865 - INFO - Pesan berhasil dikirim ke Andi Nurdiansyah (+6287834620297)!
2025-05-26 16:00:55,953 - INFO - Pesan berhasil dikirim ke Afnita Rahma Auliya Putri (+6285882292588)!
2025-05-26 16:01:03,065 - INFO - Pesan berhasil dikirim ke Anissa Nurullya Fernanda (+6282140772590)!
2025-05-26 16:01:10,190 - INFO - Pesan berhasil dikirim ke Febri Fatika Sari (+6285726025343)!
2025-05-26 16:01:17,266 - INFO - Pesan berhasil dikirim ke Marini Safa Aziza (+6281519961747)!
2025-05-26 16:01:24,413 - INFO - Pesan berhasil dikirim ke Najwa Fairus Samaya (+62895415969010)!
2025-05-26 16:01:31,557 - INFO - Pesan berhasil dikirim ke Fiqah Rochmah Ningtyas Duana Putri (+6287764807421)!
2025-05-26 16:01:38,660 - INFO - Pesan berhasil dikirim ke Lia Aulia Hayati (+6281256530709)!
2025-05-26 16:01:45,749 - INFO - Pesan berhasil dikirim ke Mardiana (+6282354058587)!
2025-05-26 16:01:52,858 - INFO - Pesan berhasil dikirim ke Novanni Indi Pradana (+6283836260392)!
2025-05-26 16:01:54,358 - INFO - Menutup tab WhatsApp Web...
2025-05-27 15:52:23,369 - INFO - Checking if today (2025-05-27) is a workday.
2025-05-27 15:52:23,370 - INFO - Hari ini adalah hari kerja. Pesan akan dikirim.
2025-05-27 15:58:56,907 - INFO - Pesan berhasil dikirim ke Yuda Agus Irianto (+6281253949680)!
2025-05-27 15:59:04,004 - INFO - Pesan berhasil dikirim ke Warsidi (+6281253216991)!
2025-05-27 15:59:11,083 - INFO - Pesan berhasil dikirim ke Muhamadsyah (+6285294404060)!
2025-05-27 15:59:18,183 - INFO - Pesan berhasil dikirim ke Dwi Prasetyono (+6282331466449)!
2025-05-27 15:59:25,277 - INFO - Pesan berhasil dikirim ke Tiara Kusuma Widianingrum (+6281351887561)!
2025-05-27 15:59:32,368 - INFO - Pesan berhasil dikirim ke Idhamsyah (+6281347516619)!
2025-05-27 15:59:39,469 - INFO - Pesan berhasil dikirim ke Mohammad Agusti Rahman (+6282171808270)!
2025-05-27 15:59:46,597 - INFO - Pesan berhasil dikirim ke Okta Wahyu Nugraha (+6282251088276)!
2025-05-27 15:59:53,744 - INFO - Pesan berhasil dikirim ke Rosetina Fini Alsera (+6281296036385)!
2025-05-27 16:00:00,881 - INFO - Pesan berhasil dikirim ke Shafa (+6287863150050)!
2025-05-27 16:00:08,024 - INFO - Pesan berhasil dikirim ke Ari Susilowati (+6281250605890)!
2025-05-27 16:00:15,145 - INFO - Pesan berhasil dikirim ke Rifki Maulana (+6285229767078)!
2025-05-27 16:00:22,259 - INFO - Pesan berhasil dikirim ke Sega Purwa Wika (+6282149633011)!
2025-05-27 16:00:29,368 - INFO - Pesan berhasil dikirim ke Alphin Pratama Husada (+6282261828467)!
2025-05-27 16:00:36,442 - INFO - Pesan berhasil dikirim ke Bambang Luhat (+6282358880344)!
2025-05-27 16:00:43,582 - INFO - Pesan berhasil dikirim ke Fachri Izzudin Lazuardi (+6285155228104)!
2025-05-27 16:00:50,701 - INFO - Pesan berhasil dikirim ke Andi Nurdiansyah (+6287834620297)!
2025-05-27 16:00:57,846 - INFO - Pesan berhasil dikirim ke Afnita Rahma Auliya Putri (+6285882292588)!
2025-05-27 16:01:04,974 - INFO - Pesan berhasil dikirim ke Anissa Nurullya Fernanda (+6282140772590)!
2025-05-27 16:01:12,112 - INFO - Pesan berhasil dikirim ke Febri Fatika Sari (+6285726025343)!
2025-05-27 16:01:19,259 - INFO - Pesan berhasil dikirim ke Marini Safa Aziza (+6281519961747)!
2025-05-27 16:01:26,373 - INFO - Pesan berhasil dikirim ke Najwa Fairus Samaya (+62895415969010)!
2025-05-27 16:01:33,491 - INFO - Pesan berhasil dikirim ke Fiqah Rochmah Ningtyas Duana Putri (+6287764807421)!
2025-05-27 16:01:40,589 - INFO - Pesan berhasil dikirim ke Lia Aulia Hayati (+6281256530709)!
2025-05-27 16:01:47,733 - INFO - Pesan berhasil dikirim ke Mardiana (+6282354058587)!
2025-05-27 16:01:54,819 - INFO - Pesan berhasil dikirim ke Novanni Indi Pradana (+6283836260392)!
2025-05-27 16:01:56,320 - INFO - Menutup tab WhatsApp Web...
2025-05-28 15:59:01,446 - INFO - Checking if today (2025-05-28) is a workday.
2025-05-28 15:59:01,447 - INFO - Hari ini adalah hari kerja. Pesan akan dikirim.
2025-05-28 15:59:53,756 - INFO - Pesan berhasil dikirim ke Yuda Agus Irianto (+6281253949680)!
2025-05-28 16:00:00,868 - INFO - Pesan berhasil dikirim ke Warsidi (+6281253216991)!
2025-05-28 16:00:07,976 - INFO - Pesan berhasil dikirim ke Muhamadsyah (+6285294404060)!
2025-05-28 16:00:15,093 - INFO - Pesan berhasil dikirim ke Dwi Prasetyono (+6282331466449)!
2025-05-28 16:00:22,218 - INFO - Pesan berhasil dikirim ke Tiara Kusuma Widianingrum (+6281351887561)!
2025-05-28 16:00:29,364 - INFO - Pesan berhasil dikirim ke Idhamsyah (+6281347516619)!
2025-05-28 16:00:36,474 - INFO - Pesan berhasil dikirim ke Mohammad Agusti Rahman (+6282171808270)!
2025-05-28 16:00:43,668 - INFO - Pesan berhasil dikirim ke Okta Wahyu Nugraha (+6282251088276)!
2025-05-28 16:00:50,853 - INFO - Pesan berhasil dikirim ke Rosetina Fini Alsera (+6281296036385)!
2025-05-28 16:00:58,022 - INFO - Pesan berhasil dikirim ke Shafa (+6287863150050)!
2025-05-28 16:01:05,187 - INFO - Pesan berhasil dikirim ke Ari Susilowati (+6281250605890)!
2025-05-28 16:01:12,316 - INFO - Pesan berhasil dikirim ke Rifki Maulana (+6285229767078)!
2025-05-28 16:01:19,477 - INFO - Pesan berhasil dikirim ke Sega Purwa Wika (+6282149633011)!
2025-05-28 16:01:26,591 - INFO - Pesan berhasil dikirim ke Alphin Pratama Husada (+6282261828467)!
2025-05-28 16:01:33,724 - INFO - Pesan berhasil dikirim ke Bambang Luhat (+6282358880344)!
2025-05-28 16:01:40,887 - INFO - Pesan berhasil dikirim ke Fachri Izzudin Lazuardi (+6285155228104)!
2025-05-28 16:01:48,002 - INFO - Pesan berhasil dikirim ke Andi Nurdiansyah (+6287834620297)!
2025-05-28 16:01:55,139 - INFO - Pesan berhasil dikirim ke Afnita Rahma Auliya Putri (+6285882292588)!
2025-05-28 16:02:02,305 - INFO - Pesan berhasil dikirim ke Anissa Nurullya Fernanda (+6282140772590)!
2025-05-28 16:02:09,466 - INFO - Pesan berhasil dikirim ke Febri Fatika Sari (+6285726025343)!
2025-05-28 16:02:16,545 - INFO - Pesan berhasil dikirim ke Marini Safa Aziza (+6281519961747)!
2025-05-28 16:02:23,670 - INFO - Pesan berhasil dikirim ke Najwa Fairus Samaya (+62895415969010)!
2025-05-28 16:02:30,793 - INFO - Pesan berhasil dikirim ke Fiqah Rochmah Ningtyas Duana Putri (+6287764807421)!
2025-05-28 16:02:37,910 - INFO - Pesan berhasil dikirim ke Lia Aulia Hayati (+6281256530709)!
2025-05-28 16:02:45,046 - INFO - Pesan berhasil dikirim ke Mardiana (+6282354058587)!
2025-05-28 16:02:52,146 - INFO - Pesan berhasil dikirim ke Novanni Indi Pradana (+6283836260392)!
2025-05-28 16:02:53,647 - INFO - Menutup tab WhatsApp Web...
2025-06-02 15:57:30,868 - INFO - Checking if today (2025-06-02) is a workday.
2025-06-02 15:57:30,869 - INFO - Hari ini adalah hari kerja. Pesan akan dikirim.
2025-06-02 15:58:54,055 - INFO - Pesan berhasil dikirim ke Yuda Agus Irianto (+6281253949680)!
2025-06-02 15:59:01,091 - INFO - Pesan berhasil dikirim ke Warsidi (+6281253216991)!
2025-06-02 15:59:08,120 - INFO - Pesan berhasil dikirim ke Muhamadsyah (+6285294404060)!
2025-06-02 15:59:15,167 - INFO - Pesan berhasil dikirim ke Dwi Prasetyono (+6282331466449)!
2025-06-02 15:59:22,213 - INFO - Pesan berhasil dikirim ke Tiara Kusuma Widianingrum (+6281351887561)!
2025-06-02 15:59:29,255 - INFO - Pesan berhasil dikirim ke Idhamsyah (+6281347516619)!
2025-06-02 15:59:36,299 - INFO - Pesan berhasil dikirim ke Mohammad Agusti Rahman (+6282171808270)!
2025-06-02 15:59:43,343 - INFO - Pesan berhasil dikirim ke Okta Wahyu Nugraha (+6282251088276)!
2025-06-02 15:59:50,391 - INFO - Pesan berhasil dikirim ke Rosetina Fini Alsera (+6281296036385)!
2025-06-02 15:59:57,436 - INFO - Pesan berhasil dikirim ke Shafa (+6287863150050)!
2025-06-02 16:00:04,484 - INFO - Pesan berhasil dikirim ke Ari Susilowati (+6281250605890)!
2025-06-02 16:00:11,533 - INFO - Pesan berhasil dikirim ke Rifki Maulana (+6285229767078)!
2025-06-02 16:00:18,578 - INFO - Pesan berhasil dikirim ke Alphin Pratama Husada (+6282261828467)!
2025-06-02 16:00:25,625 - INFO - Pesan berhasil dikirim ke Bambang Luhat (+6282358880344)!
2025-06-02 16:00:32,671 - INFO - Pesan berhasil dikirim ke Fachri Izzudin Lazuardi (+6285155228104)!
2025-06-02 16:00:39,721 - INFO - Pesan berhasil dikirim ke Andi Nurdiansyah (+6287834620297)!
2025-06-02 16:00:46,768 - INFO - Pesan berhasil dikirim ke Afnita Rahma Auliya Putri (+6285882292588)!
2025-06-02 16:00:53,808 - INFO - Pesan berhasil dikirim ke Anissa Nurullya Fernanda (+6282140772590)!
2025-06-02 16:01:00,854 - INFO - Pesan berhasil dikirim ke Febri Fatika Sari (+6285726025343)!
2025-06-02 16:01:07,886 - INFO - Pesan berhasil dikirim ke Marini Safa Aziza (+6281519961747)!
2025-06-02 16:01:14,940 - INFO - Pesan berhasil dikirim ke Najwa Fairus Samaya (+62895415969010)!
2025-06-02 16:01:21,989 - INFO - Pesan berhasil dikirim ke Fiqah Rochmah Ningtyas Duana Putri (+6287764807421)!
2025-06-02 16:01:29,033 - INFO - Pesan berhasil dikirim ke Lia Aulia Hayati (+6281256530709)!
2025-06-02 16:01:36,068 - INFO - Pesan berhasil dikirim ke Mardiana (+6282354058587)!
2025-06-02 16:01:43,114 - INFO - Pesan berhasil dikirim ke Novanni Indi Pradana (+6283836260392)!
2025-06-02 16:01:44,615 - INFO - Menutup tab WhatsApp Web...
2025-06-03 15:57:12,672 - INFO - Checking if today (2025-06-03) is a workday.
2025-06-03 15:57:12,672 - INFO - Hari ini adalah hari kerja. Pesan akan dikirim.
2025-06-03 15:58:54,319 - INFO - Pesan berhasil dikirim ke Yuda Agus Irianto (+6281253949680)!
2025-06-03 15:59:01,373 - INFO - Pesan berhasil dikirim ke Warsidi (+6281253216991)!
2025-06-03 15:59:08,464 - INFO - Pesan berhasil dikirim ke Muhamadsyah (+6285294404060)!
2025-06-03 15:59:15,584 - INFO - Pesan berhasil dikirim ke Dwi Prasetyono (+6282331466449)!
2025-06-03 15:59:22,679 - INFO - Pesan berhasil dikirim ke Tiara Kusuma Widianingrum (+6281351887561)!
2025-06-03 15:59:29,810 - INFO - Pesan berhasil dikirim ke Idhamsyah (+6281347516619)!
2025-06-03 15:59:36,951 - INFO - Pesan berhasil dikirim ke Mohammad Agusti Rahman (+6282171808270)!
2025-06-03 15:59:44,078 - INFO - Pesan berhasil dikirim ke Okta Wahyu Nugraha (+6282251088276)!
2025-06-03 15:59:51,214 - INFO - Pesan berhasil dikirim ke Rosetina Fini Alsera (+6281296036385)!
2025-06-03 15:59:58,352 - INFO - Pesan berhasil dikirim ke Shafa (+6287863150050)!
2025-06-03 16:00:05,487 - INFO - Pesan berhasil dikirim ke Ari Susilowati (+6281250605890)!
2025-06-03 16:00:12,614 - INFO - Pesan berhasil dikirim ke Rifki Maulana (+6285229767078)!
2025-06-03 16:00:19,711 - INFO - Pesan berhasil dikirim ke Sega Purwa Wika (+6282149633011)!
2025-06-03 16:00:26,838 - INFO - Pesan berhasil dikirim ke Alphin Pratama Husada (+6282261828467)!
2025-06-03 16:00:33,964 - INFO - Pesan berhasil dikirim ke Bambang Luhat (+6282358880344)!
2025-06-03 16:00:41,070 - INFO - Pesan berhasil dikirim ke Fachri Izzudin Lazuardi (+6285155228104)!
2025-06-03 16:00:48,275 - INFO - Pesan berhasil dikirim ke Andi Nurdiansyah (+6287834620297)!
2025-06-03 16:00:55,414 - INFO - Pesan berhasil dikirim ke Afnita Rahma Auliya Putri (+6285882292588)!
2025-06-03 16:01:02,500 - INFO - Pesan berhasil dikirim ke Anissa Nurullya Fernanda (+6282140772590)!
2025-06-03 16:01:09,635 - INFO - Pesan berhasil dikirim ke Febri Fatika Sari (+6285726025343)!
2025-06-03 16:01:16,759 - INFO - Pesan berhasil dikirim ke Marini Safa Aziza (+6281519961747)!
2025-06-03 16:01:23,900 - INFO - Pesan berhasil dikirim ke Najwa Fairus Samaya (+62895415969010)!
2025-06-03 16:01:31,010 - INFO - Pesan berhasil dikirim ke Fiqah Rochmah Ningtyas Duana Putri (+6287764807421)!
2025-06-03 16:01:38,157 - INFO - Pesan berhasil dikirim ke Lia Aulia Hayati (+6281256530709)!
2025-06-03 16:01:45,302 - INFO - Pesan berhasil dikirim ke Mardiana (+6282354058587)!
2025-06-03 16:01:52,419 - INFO - Pesan berhasil dikirim ke Novanni Indi Pradana (+6283836260392)!
2025-06-03 16:01:53,920 - INFO - Menutup tab WhatsApp Web...
2025-06-03 21:26:33,040 - INFO - Pesan berhasil dikirim ke Novanni Indi Pradana (+6283836260392)!
2025-06-03 21:26:34,045 - INFO - Selesai mengirim pesan ke semua kontak.
2025-06-03 21:27:31,785 - INFO - Pesan berhasil dikirim ke Novanni Indi Pradana (6283836260392)!
2025-06-03 21:27:32,787 - INFO - Selesai mengirim pesan ke semua kontak.
2025-06-03 21:29:32,412 - INFO - Pesan berhasil dikirim ke Novanni Indi Pradana (6283836260392)!
2025-06-03 21:29:33,414 - INFO - Selesai mengirim pesan ke semua kontak.
2025-06-03 21:30:53,199 - INFO - Checking if today (2025-06-03) is a workday.
2025-06-03 21:30:53,200 - INFO - Hari ini adalah hari kerja. Pesan akan dikirim.
2025-06-03 21:31:00,630 - INFO - Checking if today (2025-06-03) is a workday.
2025-06-03 21:31:00,631 - INFO - Hari ini adalah hari kerja. Pesan akan dikirim.
2025-06-03 21:31:32,299 - INFO - Pesan berhasil dikirim ke Novanni Indi Pradana (6283836260392)!
2025-06-03 21:31:33,300 - INFO - Selesai mengirim pesan ke semua kontak.
2025-06-03 21:34:51,544 - INFO - Checking if today (2025-06-03) is a workday.
2025-06-03 21:34:51,581 - INFO - Hari ini adalah hari kerja. Pesan akan dikirim.
2025-06-03 21:35:02,460 - INFO - Checking if today (2025-06-03) is a workday.
2025-06-03 21:35:02,460 - INFO - Hari ini adalah hari kerja. Pesan akan dikirim.
2025-06-03 21:35:32,654 - INFO - Pesan berhasil dikirim ke Novanni Indi Pradana (6283836260392)!
2025-06-03 21:39:18,120 - INFO - Checking if today (2025-06-03) is a workday.
2025-06-03 21:39:18,121 - INFO - Hari ini adalah hari kerja. Pesan akan dikirim.
2025-06-03 21:39:31,592 - INFO - Checking if today (2025-06-03) is a workday.
2025-06-03 21:39:31,593 - INFO - Hari ini adalah hari kerja. Pesan akan dikirim.
2025-06-03 21:39:50,298 - INFO - Checking if today (2025-06-03) is a workday.
2025-06-03 21:39:50,298 - INFO - Hari ini adalah hari kerja. Pesan akan dikirim.
2025-06-03 21:40:01,954 - INFO - Pesan berhasil dikirim ke Novanni Indi Pradana (6283836260392)!
2025-06-03 21:42:09,683 - INFO - Checking if today (2025-06-03) is a workday.
2025-06-03 21:42:09,683 - INFO - Hari ini adalah hari kerja. Pesan akan dikirim.
2025-06-03 21:42:19,572 - INFO - Checking if today (2025-06-03) is a workday.
2025-06-03 21:42:19,572 - INFO - Hari ini adalah hari kerja. Pesan akan dikirim.
2025-06-03 21:43:02,300 - INFO - Pesan berhasil dikirim ke Novanni Indi Pradana (6283836260392)!
2025-06-03 21:46:12,200 - INFO - Checking if today (2025-06-03) is a workday.
2025-06-03 21:46:12,200 - INFO - Hari ini adalah hari kerja. Pesan akan dikirim.
2025-06-03 21:46:20,655 - INFO - Checking if today (2025-06-03) is a workday.
2025-06-03 21:46:20,655 - INFO - Hari ini adalah hari kerja. Pesan akan dikirim.
2025-06-03 21:47:01,090 - ERROR - Terjadi kesalahan saat mengirim ke Novanni Indi Pradana: 'name'
2025-06-03 21:49:30,044 - INFO - Checking if today (2025-06-03) is a workday.
2025-06-03 21:49:30,044 - INFO - Hari ini adalah hari kerja. Pesan akan dikirim.
2025-06-03 21:49:39,749 - INFO - Checking if today (2025-06-03) is a workday.
2025-06-03 21:49:39,750 - INFO - Hari ini adalah hari kerja. Pesan akan dikirim.
2025-06-03 21:50:00,965 - ERROR - Terjadi kesalahan saat mengirim ke Novanni Indi Pradana: 'name'
2025-06-03 21:51:56,136 - INFO - Checking if today (2025-06-03) is a workday.
2025-06-03 21:51:56,136 - INFO - Hari ini adalah hari kerja. Pesan akan dikirim.
2025-06-03 21:52:07,294 - INFO - Checking if today (2025-06-03) is a workday.
2025-06-03 21:52:07,294 - INFO - Hari ini adalah hari kerja. Pesan akan dikirim.
2025-06-03 21:52:17,254 - INFO - Checking if today (2025-06-03) is a workday.
2025-06-03 21:52:17,255 - INFO - Hari ini adalah hari kerja. Pesan akan dikirim.
2025-06-03 21:53:25,809 - INFO - Checking if today (2025-06-03) is a workday.
2025-06-03 21:53:25,809 - INFO - Hari ini adalah hari kerja. Pesan akan dikirim.
2025-06-03 21:55:55,940 - INFO - Checking if today (2025-06-03) is a workday.
2025-06-03 21:55:55,940 - INFO - Hari ini adalah hari kerja. Pesan akan dikirim.
